<?xml version="1.0" encoding="UTF-8"?>
<testsuite name="org.zerock.ex01.service.ApiFoodRecipeServiceTests" tests="1" skipped="0" failures="0" errors="0" timestamp="2022-11-21T05:55:59" hostname="LAPTOP-1B7FMCAF" time="0.939">
  <properties/>
  <testcase name="checkBookMark()" classname="org.zerock.ex01.service.ApiFoodRecipeServiceTests" time="0.939"/>
  <system-out><![CDATA[2022-11-21 14:55:59.483  INFO 15332 --- [    Test worker] .b.t.c.SpringBootTestContextBootstrapper : Neither @ContextConfiguration nor @ContextHierarchy found for test class [org.zerock.ex01.service.ApiFoodRecipeServiceTests], using SpringBootContextLoader
2022-11-21 14:55:59.485  INFO 15332 --- [    Test worker] o.s.t.c.support.AbstractContextLoader    : Could not detect default resource locations for test class [org.zerock.ex01.service.ApiFoodRecipeServiceTests]: no resource found for suffixes {-context.xml, Context.groovy}.
2022-11-21 14:55:59.486  INFO 15332 --- [    Test worker] t.c.s.AnnotationConfigContextLoaderUtils : Could not detect default configuration classes for test class [org.zerock.ex01.service.ApiFoodRecipeServiceTests]: ApiFoodRecipeServiceTests does not declare any static, non-private, non-final, nested classes annotated with @Configuration.
2022-11-21 14:55:59.510  INFO 15332 --- [    Test worker] .b.t.c.SpringBootTestContextBootstrapper : Found @SpringBootConfiguration org.zerock.ex01.SpringBoootApplication for test class org.zerock.ex01.service.ApiFoodRecipeServiceTests
2022-11-21 14:55:59.514  INFO 15332 --- [    Test worker] .b.t.c.SpringBootTestContextBootstrapper : Loaded default TestExecutionListener class names from location [META-INF/spring.factories]: [org.springframework.boot.test.autoconfigure.restdocs.RestDocsTestExecutionListener, org.springframework.boot.test.autoconfigure.web.client.MockRestServiceServerResetTestExecutionListener, org.springframework.boot.test.autoconfigure.web.servlet.MockMvcPrintOnlyOnFailureTestExecutionListener, org.springframework.boot.test.autoconfigure.web.servlet.WebDriverTestExecutionListener, org.springframework.boot.test.autoconfigure.webservices.client.MockWebServiceServerTestExecutionListener, org.springframework.boot.test.mock.mockito.MockitoTestExecutionListener, org.springframework.boot.test.mock.mockito.ResetMocksTestExecutionListener, org.springframework.test.context.web.ServletTestExecutionListener, org.springframework.test.context.support.DirtiesContextBeforeModesTestExecutionListener, org.springframework.test.context.event.ApplicationEventsTestExecutionListener, org.springframework.test.context.support.DependencyInjectionTestExecutionListener, org.springframework.test.context.support.DirtiesContextTestExecutionListener, org.springframework.test.context.transaction.TransactionalTestExecutionListener, org.springframework.test.context.jdbc.SqlScriptsTestExecutionListener, org.springframework.test.context.event.EventPublishingTestExecutionListener]
2022-11-21 14:55:59.514  INFO 15332 --- [    Test worker] .b.t.c.SpringBootTestContextBootstrapper : Using TestExecutionListeners: [org.springframework.test.context.web.ServletTestExecutionListener@78d72c9b, org.springframework.test.context.support.DirtiesContextBeforeModesTestExecutionListener@22d82fe8, org.springframework.test.context.event.ApplicationEventsTestExecutionListener@2175111e, org.springframework.boot.test.mock.mockito.MockitoTestExecutionListener@74c74c99, org.springframework.boot.test.autoconfigure.SpringBootDependencyInjectionTestExecutionListener@35b5056e, org.springframework.test.context.support.DirtiesContextTestExecutionListener@56f1db5f, org.springframework.test.context.transaction.TransactionalTestExecutionListener@5f05cd7e, org.springframework.test.context.jdbc.SqlScriptsTestExecutionListener@11e8e183, org.springframework.test.context.event.EventPublishingTestExecutionListener@c6b08a5, org.springframework.boot.test.autoconfigure.restdocs.RestDocsTestExecutionListener@54980154, org.springframework.boot.test.autoconfigure.web.client.MockRestServiceServerResetTestExecutionListener@25874884, org.springframework.boot.test.autoconfigure.web.servlet.MockMvcPrintOnlyOnFailureTestExecutionListener@7335414e, org.springframework.boot.test.autoconfigure.web.servlet.WebDriverTestExecutionListener@274f51ad, org.springframework.boot.test.autoconfigure.webservices.client.MockWebServiceServerTestExecutionListener@33c976b1, org.springframework.boot.test.mock.mockito.ResetMocksTestExecutionListener@2c95cb24]
2022-11-21 14:55:59.527  INFO 15332 --- [    Test worker] o.z.e.service.ApiFoodRecipeServiceImpl   : searchRecipes
2022-11-21 14:56:00.432  INFO 15332 --- [    Test worker] o.z.e.service.ApiFoodRecipeServiceImpl   : {results=[{id=716429, title=Pasta with Garlic, Scallions, Cauliflower & Breadcrumbs, image=https://spoonacular.com/recipeImages/716429-312x231.jpg, imageType=jpg}, {id=715538, title=What to make for dinner tonight?? Bruschetta Style Pork & Pasta, image=https://spoonacular.com/recipeImages/715538-312x231.jpg, imageType=jpg}, {id=794351, title=Summery Tomato Soup with Pasta and Chickpeas, image=https://spoonacular.com/recipeImages/794351-312x231.jpg, imageType=jpg}, {id=658357, title=Rigatoni With Sweet Sausages In Creamy Tomato Sauce, image=https://spoonacular.com/recipeImages/658357-312x231.jpg, imageType=jpg}, {id=634873, title=Best Baked Macaroni and Cheese, image=https://spoonacular.com/recipeImages/634873-312x231.jpg, imageType=jpg}, {id=636599, title=Butternut Squash Gnocchi With Whiskey Cream Sauce, image=https://spoonacular.com/recipeImages/636599-312x231.jpg, imageType=jpg}, {id=638248, title=Chicken Piccata With Angel Hair Pasta, image=https://spoonacular.com/recipeImages/638248-312x231.jpg, imageType=jpg}, {id=637440, title=Chapchae (Korean Stir-Fried Noodles), image=https://spoonacular.com/recipeImages/637440-312x231.jpg, imageType=jpg}, {id=660382, title=Smoked Salmon Pasta, image=https://spoonacular.com/recipeImages/660382-312x231.jpg, imageType=jpg}, {id=634629, title=Beef Lo Mein Noodles, image=https://spoonacular.com/recipeImages/634629-312x231.jpg, imageType=jpg}, {id=657312, title=Pumpkin gnocchi with basil and Parmesan, image=https://spoonacular.com/recipeImages/657312-312x231.jpg, imageType=jpg}, {id=637593, title=Cheese Tortellini With Shrimp In Tomato Cream Sauce, image=https://spoonacular.com/recipeImages/637593-312x231.jpg, imageType=jpg}, {id=1098350, title=Light Greek Lemon Chicken Orzo Soup, image=https://spoonacular.com/recipeImages/1098350-312x231.jpg, imageType=jpg}, {id=639629, title=Classic Macaroni and Cheese, image=https://spoonacular.com/recipeImages/639629-312x231.jpg, imageType=jpg}, {id=663696, title=Tortellini In Brodo, image=https://spoonacular.com/recipeImages/663696-312x231.jpg, imageType=jpg}, {id=654835, title=Pasta e Fagioli (Pasta and Beans), image=https://spoonacular.com/recipeImages/654835-312x231.jpg, imageType=jpg}, {id=659988, title=Shrimp pasta with white wine tomato cream sauce, image=https://spoonacular.com/recipeImages/659988-312x231.jpg, imageType=jpg}, {id=26175, title=Garlic And Shrimp Pasta Toss, image=https://spoonacular.com/recipeImages/26175-312x231.jpg, imageType=jpg}, {id=655806, title=Pesto & Yogurt Pasta, image=https://spoonacular.com/recipeImages/655806-312x231.jpg, imageType=jpg}, {id=633765, title=Baked Rigatoni With Sausage, image=https://spoonacular.com/recipeImages/633765-312x231.jpg, imageType=jpg}, {id=654935, title=Pasta with Peas and Italian Sausage, image=https://spoonacular.com/recipeImages/654935-312x231.jpg, imageType=jpg}, {id=654936, title=Pasta with Raw Tomato & Lemon Infused Olive Oil, image=https://spoonacular.com/recipeImages/654936-312x231.jpg, imageType=jpg}, {id=646974, title=Homemade Creamy Ramen Soup, image=https://spoonacular.com/recipeImages/646974-312x231.jpg, imageType=jpg}, {id=640619, title=Creamy Chicken Orzo Soup, image=https://spoonacular.com/recipeImages/640619-312x231.jpg, imageType=jpg}, {id=659907, title=Shrimp & Orzo, image=https://spoonacular.com/recipeImages/659907-312x231.jpg, imageType=jpg}, {id=637591, title=Cheese Tortellini Alfredo, image=https://spoonacular.com/recipeImages/637591-312x231.jpg, imageType=jpg}, {id=641972, title=Easy Gluten Free Vegetarian Pasta Salad, image=https://spoonacular.com/recipeImages/641972-312x231.jpg, imageType=jpg}, {id=657377, title=Pumpkin Ravioli With Browned Butter Sage Sauce, image=https://spoonacular.com/recipeImages/657377-312x231.jpg, imageType=jpg}, {id=642582, title=Farfalle With Broccoli, Carrots and Tomatoes, image=https://spoonacular.com/recipeImages/642582-312x231.jpg, imageType=jpg}, {id=660835, title=Spaghetti With Pesto Trapanese, image=https://spoonacular.com/recipeImages/660835-312x231.jpg, imageType=jpg}, {id=637325, title=Cavatappi pasta with salmon crab surimi, image=https://spoonacular.com/recipeImages/637325-312x231.jpg, imageType=jpg}, {id=641543, title=Ditalini with peas, image=https://spoonacular.com/recipeImages/641543-312x231.jpg, imageType=jpg}, {id=634437, title=Basil Tagliatelle with Roasted Red Bell Pepper Salad, image=https://spoonacular.com/recipeImages/634437-312x231.jpg, imageType=jpg}, {id=651426, title=Mediterranean Orzo Salad, image=https://spoonacular.com/recipeImages/651426-312x231.jpg, imageType=jpg}, {id=655706, title=Peppery Absorption-Cooked Red-Wine Capellini, image=https://spoonacular.com/recipeImages/655706-312x231.jpg, imageType=jpg}, {id=655853, title=Pesto Zucchini "Spaghetti, image=https://spoonacular.com/recipeImages/655853-312x231.jpg, imageType=jpg}, {id=638235, title=Chicken Parmesan With Pasta, image=https://spoonacular.com/recipeImages/638235-312x231.jpg, imageType=jpg}, {id=632778, title=Artisan Farfalle Pasta With Smoked Salmon and Cream Sauce, image=https://spoonacular.com/recipeImages/632778-312x231.jpg, imageType=jpg}, {id=646626, title=Heirloom Tomato Basil and Olive Oil Wine Sauce over Pasta, image=https://spoonacular.com/recipeImages/646626-312x231.jpg, imageType=jpg}, {id=642722, title=Fettuccine With Smashed Peas, image=https://spoonacular.com/recipeImages/642722-312x231.jpg, imageType=jpg}, {id=654901, title=Pasta With Chicken and Broccoli, image=https://spoonacular.com/recipeImages/654901-312x231.jpg, imageType=jpg}, {id=642895, title=Fire-Breathing Dragon Pasta, image=https://spoonacular.com/recipeImages/642895-312x231.jpg, imageType=jpg}, {id=655589, title=Penne with Goat Cheese and Basil, image=https://spoonacular.com/recipeImages/655589-312x231.jpg, imageType=jpg}, {id=655575, title=Penne Pasta with Broccoli and Cheese, image=https://spoonacular.com/recipeImages/655575-312x231.jpg, imageType=jpg}, {id=654944, title=Pasta With Salmon Cream Sauce, image=https://spoonacular.com/recipeImages/654944-312x231.jpg, imageType=jpg}, {id=633766, title=Baked Rigatoni, image=https://spoonacular.com/recipeImages/633766-312x231.jpg, imageType=jpg}, {id=633884, title=Baked Ziti Or Rigatoni, image=https://spoonacular.com/recipeImages/633884-312x231.jpg, imageType=jpg}, {id=654897, title=Pasta With Butternut Parmesan Sauce @ Dw Magazine.Com, image=https://spoonacular.com/recipeImages/654897-312x231.jpg, imageType=jpg}, {id=633587, title=Baked Egg Linguine With Onion, Scallion, and Umame, image=https://spoonacular.com/recipeImages/633587-312x231.jpg, imageType=jpg}, {id=801377, title=Chicken Parmesan Patty- Eat As A Burger OR On Pasta, image=https://spoonacular.com/recipeImages/801377-312x231.jpg, imageType=jpg}, {id=633858, title=Baked Tortellini In Red Sauce, image=https://spoonacular.com/recipeImages/633858-312x231.jpg, imageType=jpg}, {id=654959, title=Pasta With Tuna, image=https://spoonacular.com/recipeImages/654959-312x231.jpg, imageType=jpg}, {id=633185, title=Awesome! No Bake ~ Macaroni and Cheese, image=https://spoonacular.com/recipeImages/633185-312x231.jpg, imageType=jpg}, {id=649817, title=Lemon White Wine Chicken over Linguini, image=https://spoonacular.com/recipeImages/649817-312x231.jpg, imageType=jpg}, {id=653008, title=Neoguri (Spicy Seafood Ramen), image=https://spoonacular.com/recipeImages/653008-312x231.jpg, imageType=jpg}, {id=657554, title=Quick and Easy Scallop Pasta, image=https://spoonacular.com/recipeImages/657554-312x231.jpg, imageType=jpg}, {id=646183, title=Ham and Peas Farfalle In Creamy Lemon Parmesan Sauce, image=https://spoonacular.com/recipeImages/646183-312x231.jpg, imageType=jpg}, {id=650546, title=Macaroni and Cheese Gratin, image=https://spoonacular.com/recipeImages/650546-312x231.jpg, imageType=jpg}, {id=637670, title=Cheesy Pasta in a Pot, image=https://spoonacular.com/recipeImages/637670-312x231.jpg, imageType=jpg}, {id=661250, title=Spinach & Toasted Pumpkin Seed Pesto Pasta, image=https://spoonacular.com/recipeImages/661250-312x231.jpg, imageType=jpg}, {id=686582, title=Pasta casserole with zucchini and chicken, image=https://spoonacular.com/recipeImages/686582-312x231.jpg, imageType=jpg}, {id=654953, title=Pasta with Spicy Sausage & Rapini, image=https://spoonacular.com/recipeImages/654953-312x231.jpg, imageType=jpg}, {id=661291, title=Spinach Cheese Tortellini, image=https://spoonacular.com/recipeImages/661291-312x231.jpg, imageType=jpg}, {id=638245, title=Chicken Pasta With Anchovy Rosemary Sauce, image=https://spoonacular.com/recipeImages/638245-312x231.jpg, imageType=jpg}, {id=644917, title=Gnocchi and Wilted Spinach Salad, image=https://spoonacular.com/recipeImages/644917-312x231.jpg, imageType=jpg}, {id=637683, title=Cheesy Spinach Stuffed Shells, image=https://spoonacular.com/recipeImages/637683-312x231.jpg, imageType=jpg}, {id=650654, title=Make Olive Garden’s Delicious Pasta Fagioli At Home, image=https://spoonacular.com/recipeImages/650654-312x231.jpg, imageType=jpg}, {id=654905, title=Pasta With Chickpeas and Kale, image=https://spoonacular.com/recipeImages/654905-312x231.jpg, imageType=jpg}, {id=654913, title=Pasta With Chicken and Mushrooms, image=https://spoonacular.com/recipeImages/654913-312x231.jpg, imageType=jpg}, {id=636576, title=Butternut Squash and Chorizo Pasta, image=https://spoonacular.com/recipeImages/636576-312x231.jpg, imageType=jpg}, {id=636732, title=Cajun Lobster Pasta, image=https://spoonacular.com/recipeImages/636732-312x231.jpg, imageType=jpg}, {id=1095750, title=Whole Wheat Spaghetti with Basil Avocado Pesto, image=https://spoonacular.com/recipeImages/1095750-312x231.jpg, imageType=jpg}, {id=663126, title=Thai Pasta Salad, image=https://spoonacular.com/recipeImages/663126-312x231.jpg, imageType=jpg}, {id=642509, title=Eyeballs Fettuccine, image=https://spoonacular.com/recipeImages/642509-312x231.jpg, imageType=jpg}, {id=643642, title=Macaroni Pasta with Fresh Tomatoes, Zucchini and Artichokes, image=https://spoonacular.com/recipeImages/643642-312x231.jpg, imageType=jpg}, {id=645354, title=Greek Shrimp Orzo, image=https://spoonacular.com/recipeImages/645354-312x231.jpg, imageType=jpg}, {id=649717, title=Lemon Pasta With Shrimp, image=https://spoonacular.com/recipeImages/649717-312x231.jpg, imageType=jpg}, {id=637664, title=Cheesy Mexican Penne, image=https://spoonacular.com/recipeImages/637664-312x231.png, imageType=png}, {id=661094, title=Spicy Eggplant Spaghetti, image=https://spoonacular.com/recipeImages/661094-312x231.jpg, imageType=jpg}, {id=636286, title=Brown Butter and Sage Ravioli, image=https://spoonacular.com/recipeImages/636286-312x231.jpg, imageType=jpg}, {id=643781, title=Fried Ravioli & Mint Parsley Pesto, image=https://spoonacular.com/recipeImages/643781-312x231.jpg, imageType=jpg}, {id=660101, title=Simple Garlic Pasta, image=https://spoonacular.com/recipeImages/660101-312x231.jpg, imageType=jpg}, {id=644102, title=Fusilli With Eggplant & Sausage Chunks - Mediterranean Style Pasta, image=https://spoonacular.com/recipeImages/644102-312x231.jpg, imageType=jpg}, {id=632275, title=Alton Brown's Baked Macaroni and Cheese, image=https://spoonacular.com/recipeImages/632275-312x231.jpg, imageType=jpg}, {id=632768, title=Artichoke Pesto Pasta, image=https://spoonacular.com/recipeImages/632768-312x231.jpg, imageType=jpg}, {id=634779, title=Beet Gnocchi With Steak and Brown Butter Sauce, image=https://spoonacular.com/recipeImages/634779-312x231.jpg, imageType=jpg}, {id=645651, title=Grilled Chicken Pasta With Gorgonzola Walnut Cream Sauce, image=https://spoonacular.com/recipeImages/645651-312x231.jpg, imageType=jpg}, {id=638272, title=Chicken Ragu w Rigatoni, image=https://spoonacular.com/recipeImages/638272-312x231.jpg, imageType=jpg}, {id=663813, title=Tricolor Rotini pasta Salad, image=https://spoonacular.com/recipeImages/663813-312x231.jpg, imageType=jpg}, {id=633677, title=Baked Mostaccioli, image=https://spoonacular.com/recipeImages/633677-312x231.jpg, imageType=jpg}, {id=654911, title=Pasta With Cream Sauce and Mushrooms, image=https://spoonacular.com/recipeImages/654911-312x231.jpg, imageType=jpg}, {id=654883, title=Pasta Vegetable Soup, image=https://spoonacular.com/recipeImages/654883-312x231.jpg, imageType=jpg}, {id=650660, title=Make-Ahead Creamy Macaroni and Cheese, image=https://spoonacular.com/recipeImages/650660-312x231.jpg, imageType=jpg}, {id=652305, title=Mom's Perfect Macaroni Salad, image=https://spoonacular.com/recipeImages/652305-312x231.jpg, imageType=jpg}, {id=642998, title=Fisherman’s Catch Pasta, image=https://spoonacular.com/recipeImages/642998-312x231.jpg, imageType=jpg}, {id=660493, title=Soba Noodle In Kombu Dashi With Teriyaki Salmon, image=https://spoonacular.com/recipeImages/660493-312x231.jpg, imageType=jpg}, {id=1096282, title=Rustic Pasta with Chunky Vegetables, image=https://spoonacular.com/recipeImages/1096282-312x231.jpg, imageType=jpg}, {id=652061, title=Miso Cream Pasta, image=https://spoonacular.com/recipeImages/652061-312x231.jpg, imageType=jpg}, {id=631732, title=Caponata Style Celery Spaghetti, image=https://spoonacular.com/recipeImages/631732-312x231.png, imageType=png}, {id=511728, title=Pasta Margherita, image=https://spoonacular.com/recipeImages/511728-312x231.jpg, imageType=jpg}], offset=0, number=100, totalResults=223}
Hibernate: 
    select
        recipebook0_.recipe_id as col_0_0_ 
    from
        recipe_book_mark recipebook0_ 
    where
        recipebook0_.user_email=? 
        and recipebook0_.book_mark=1
]]></system-out>
  <system-err><![CDATA[]]></system-err>
</testsuite>
